<?xml version="1.0" encoding="UTF-8"?>
<testsuite name="testcases.VulnerabilityTest" tests="1" skipped="0" failures="1" errors="0" timestamp="2021-08-15T03:36:24" hostname="DESKTOP-2G4RE7M" time="0.056">
  <properties/>
  <testcase name="initializationError" classname="testcases.VulnerabilityTest" time="0.056">
    <failure message="java.lang.VerifyError: Expecting a stackmap frame at branch target 117&#10;Exception Details:&#10;  Location:&#10;    testcases/VulnerabilityTest.monitoring()V @10: invokestatic&#10;  Reason:&#10;    Expected stackmap frame at this location.&#10;  Bytecode:&#10;    0000000: b200 e02a 2ab8 00cd 3a05 b800 d219 05b6&#10;    0000010: 00d6 121b 4cbb 0004 59b7 0005 4d2c 2ab4&#10;    0000020: 000f ba00 1c00 00b6 0008 2b12 1db6 001e&#10;    0000030: 9a00 4214 001f b800 21a7 0008 4e2d b600&#10;    0000040: 2312 09b8 000a 2cb6 000b 4ebb 0013 592d&#10;    0000050: b600 0db7 0014 3a04 1904 1224 b600 16b6&#10;    0000060: 0017 4cb2 0018 2bba 0025 0000 b600 1aa7&#10;    0000070: ffbb a700 103a 06b8 00d2 1906 b600 da19&#10;    0000080: 06bf b800 d2b6 00dd b1                 &#10;  Exception Handler Table:&#10;    bci [51, 57] =&gt; handler: 60&#10;    bci [10, 117] =&gt; handler: 117&#10;" type="java.lang.VerifyError">java.lang.VerifyError: Expecting a stackmap frame at branch target 117
Exception Details:
  Location:
    testcases/VulnerabilityTest.monitoring()V @10: invokestatic
  Reason:
    Expected stackmap frame at this location.
  Bytecode:
    0000000: b200 e02a 2ab8 00cd 3a05 b800 d219 05b6
    0000010: 00d6 121b 4cbb 0004 59b7 0005 4d2c 2ab4
    0000020: 000f ba00 1c00 00b6 0008 2b12 1db6 001e
    0000030: 9a00 4214 001f b800 21a7 0008 4e2d b600
    0000040: 2312 09b8 000a 2cb6 000b 4ebb 0013 592d
    0000050: b600 0db7 0014 3a04 1904 1224 b600 16b6
    0000060: 0017 4cb2 0018 2bba 0025 0000 b600 1aa7
    0000070: ffbb a700 103a 06b8 00d2 1906 b600 da19
    0000080: 06bf b800 d2b6 00dd b1                 
  Exception Handler Table:
    bci [51, 57] =&gt; handler: 60
    bci [10, 117] =&gt; handler: 117

	at java.base/java.lang.Class.getDeclaredMethods0(Native Method)
	at java.base/java.lang.Class.privateGetDeclaredMethods(Class.java:3167)
	at java.base/java.lang.Class.getMethodsRecursive(Class.java:3308)
	at java.base/java.lang.Class.getMethod0(Class.java:3294)
	at java.base/java.lang.Class.getMethod(Class.java:2107)
	at org.junit.internal.builders.SuiteMethodBuilder.hasSuiteMethod(SuiteMethodBuilder.java:18)
	at org.junit.internal.builders.SuiteMethodBuilder.runnerForClass(SuiteMethodBuilder.java:10)
	at org.junit.internal.requests.ClassRequest$CustomSuiteMethodBuilder.runnerForClass(ClassRequest.java:51)
	at org.junit.runners.model.RunnerBuilder.safeRunnerForClass(RunnerBuilder.java:70)
	at org.junit.internal.builders.AllDefaultPossibilitiesBuilder.runnerForClass(AllDefaultPossibilitiesBuilder.java:37)
	at org.junit.runners.model.RunnerBuilder.safeRunnerForClass(RunnerBuilder.java:70)
	at org.junit.internal.requests.ClassRequest.createRunner(ClassRequest.java:28)
	at org.junit.internal.requests.MemoizingRequest.getRunner(MemoizingRequest.java:19)
	at org.gradle.api.internal.tasks.testing.junit.JUnitTestClassExecutor.runTestClass(JUnitTestClassExecutor.java:78)
	at org.gradle.api.internal.tasks.testing.junit.JUnitTestClassExecutor.execute(JUnitTestClassExecutor.java:58)
	at org.gradle.api.internal.tasks.testing.junit.JUnitTestClassExecutor.execute(JUnitTestClassExecutor.java:38)
	at org.gradle.api.internal.tasks.testing.junit.AbstractJUnitTestClassProcessor.processTestClass(AbstractJUnitTestClassProcessor.java:62)
	at org.gradle.api.internal.tasks.testing.SuiteTestClassProcessor.processTestClass(SuiteTestClassProcessor.java:51)
	at java.base/jdk.internal.reflect.NativeMethodAccessorImpl.invoke0(Native Method)
	at java.base/jdk.internal.reflect.NativeMethodAccessorImpl.invoke(NativeMethodAccessorImpl.java:62)
	at java.base/jdk.internal.reflect.DelegatingMethodAccessorImpl.invoke(DelegatingMethodAccessorImpl.java:43)
	at java.base/java.lang.reflect.Method.invoke(Method.java:566)
	at org.gradle.internal.dispatch.ReflectionDispatch.dispatch(ReflectionDispatch.java:36)
	at org.gradle.internal.dispatch.ReflectionDispatch.dispatch(ReflectionDispatch.java:24)
	at org.gradle.internal.dispatch.ContextClassLoaderDispatch.dispatch(ContextClassLoaderDispatch.java:33)
	at org.gradle.internal.dispatch.ProxyDispatchAdapter$DispatchingInvocationHandler.invoke(ProxyDispatchAdapter.java:94)
	at com.sun.proxy.$Proxy4.processTestClass(Unknown Source)
	at org.gradle.api.internal.tasks.testing.worker.TestWorker.processTestClass(TestWorker.java:119)
	at java.base/jdk.internal.reflect.NativeMethodAccessorImpl.invoke0(Native Method)
	at java.base/jdk.internal.reflect.NativeMethodAccessorImpl.invoke(NativeMethodAccessorImpl.java:62)
	at java.base/jdk.internal.reflect.DelegatingMethodAccessorImpl.invoke(DelegatingMethodAccessorImpl.java:43)
	at java.base/java.lang.reflect.Method.invoke(Method.java:566)
	at org.gradle.internal.dispatch.ReflectionDispatch.dispatch(ReflectionDispatch.java:36)
	at org.gradle.internal.dispatch.ReflectionDispatch.dispatch(ReflectionDispatch.java:24)
	at org.gradle.internal.remote.internal.hub.MessageHubBackedObjectConnection$DispatchWrapper.dispatch(MessageHubBackedObjectConnection.java:182)
	at org.gradle.internal.remote.internal.hub.MessageHubBackedObjectConnection$DispatchWrapper.dispatch(MessageHubBackedObjectConnection.java:164)
	at org.gradle.internal.remote.internal.hub.MessageHub$Handler.run(MessageHub.java:414)
	at org.gradle.internal.concurrent.ExecutorPolicy$CatchAndRecordFailures.onExecute(ExecutorPolicy.java:64)
	at org.gradle.internal.concurrent.ManagedExecutorImpl$1.run(ManagedExecutorImpl.java:48)
	at java.base/java.util.concurrent.ThreadPoolExecutor.runWorker(ThreadPoolExecutor.java:1128)
	at java.base/java.util.concurrent.ThreadPoolExecutor$Worker.run(ThreadPoolExecutor.java:628)
	at org.gradle.internal.concurrent.ThreadFactoryImpl$ManagedThreadRunnable.run(ThreadFactoryImpl.java:56)
	at java.base/java.lang.Thread.run(Thread.java:834)
</failure>
  </testcase>
  <system-out><![CDATA[]]></system-out>
  <system-err><![CDATA[AspectJ Internal Error: unable to add stackmap attributes. null
[DelegatingClassLoader@78902fc2] error at io\qameta\allure\aspects\StepsAspects.java::0 the @annotation pointcut expression is only supported at Java 5 compliance level or above
[DelegatingClassLoader@78902fc2] error at io\qameta\allure\aspects\AttachmentsAspects.java::0 the @annotation pointcut expression is only supported at Java 5 compliance level or above
[DelegatingClassLoader@10ff9db7] error at io\qameta\allure\aspects\StepsAspects.java::0 the @annotation pointcut expression is only supported at Java 5 compliance level or above
[DelegatingClassLoader@10ff9db7] error at io\qameta\allure\aspects\AttachmentsAspects.java::0 the @annotation pointcut expression is only supported at Java 5 compliance level or above
]]></system-err>
</testsuite>
